{"uuid":"add1fe56-9786-4afa-b823-3b43dbd1ceec","historyId":"a3d7d0fc8682bbc3cb845586754ad693","fullName":"Verify Tumblr works properly: Validate Availability search","labels":[{"name":"tag","value":"Release"},{"name":"host","value":"sajim"},{"name":"thread","value":"2984@sajim.TestNG-PoolService-2(19)"},{"name":"feature","value":"Verify Tumblr works properly"},{"name":"story","value":"Validate Availability search"},{"name":"suite","value":"Verify Tumblr works properly"},{"name":"testClass","value":"Validate Availability search"},{"name":"framework","value":"cucumber4jvm"},{"name":"language","value":"java"},{"name":"gherkin_uri","value":"file:///C:/Users/SAJIM/Desktop/Web-Test-main_2/Web-Test-main/webTest-master/webTest-master/src/test/java/Feature/test.feature"},{"name":"package","value":"src.test.java.Feature.test_feature.Verify Tumblr works properly"}],"links":[],"name":"Validate Availability search","status":"broken","statusDetails":{"known":false,"muted":false,"flaky":false,"message":"javascript error: {\"status\":32,\"value\":\"Unable to locate an element with the xpath expression ///div[@class='menu-search col']//input[@placeholder='Search for products, brands and more'] because of the following error:\\nSyntaxError: Failed to execute 'evaluate' on 'Document': The string '///div[@class='menu-search col']//input[@placeholder='Search for products, brands and more']' is not a valid XPath expression.\"}\n  (Session info: chrome=124.0.6367.63)\nBuild info: version: '4.1.3', revision: '7b1ebf28ef'\nSystem info: host: 'SAJIM', ip: '192.168.1.109', os.name: 'Windows 10', os.arch: 'amd64', os.version: '10.0', java.version: '17.0.11'\nDriver info: org.openqa.selenium.chrome.ChromeDriver\nCommand: [408b6d08017fad2bd396fce85ab84f10, findElement {using=xpath, value=///div[@class='menu-search col']//input[@placeholder='Search for products, brands and more']}]\nCapabilities {acceptInsecureCerts: false, browserName: chrome, browserVersion: 124.0.6367.63, chrome: {chromedriverVersion: 124.0.6367.91 (51df0e5e17a8..., userDataDir: C:\\Users\\SAJIM\\AppData\\Loca...}, fedcm:accounts: true, goog:chromeOptions: {debuggerAddress: localhost:53966}, javascriptEnabled: true, networkConnectionEnabled: false, pageLoadStrategy: normal, platform: WINDOWS, platformName: WINDOWS, proxy: Proxy(), se:cdp: ws://localhost:53966/devtoo..., se:cdpVersion: 124.0.6367.63, setWindowRect: true, strictFileInteractability: false, timeouts: {implicit: 0, pageLoad: 300000, script: 30000}, unhandledPromptBehavior: dismiss and notify, webauthn:extension:credBlob: true, webauthn:extension:largeBlob: true, webauthn:extension:minPinLength: true, webauthn:extension:prf: true, webauthn:virtualAuthenticators: true}\nSession ID: 408b6d08017fad2bd396fce85ab84f10","trace":"org.openqa.selenium.JavascriptException: javascript error: {\"status\":32,\"value\":\"Unable to locate an element with the xpath expression ///div[@class='menu-search col']//input[@placeholder='Search for products, brands and more'] because of the following error:\\nSyntaxError: Failed to execute 'evaluate' on 'Document': The string '///div[@class='menu-search col']//input[@placeholder='Search for products, brands and more']' is not a valid XPath expression.\"}\n  (Session info: chrome=124.0.6367.63)\nBuild info: version: '4.1.3', revision: '7b1ebf28ef'\nSystem info: host: 'SAJIM', ip: '192.168.1.109', os.name: 'Windows 10', os.arch: 'amd64', os.version: '10.0', java.version: '17.0.11'\nDriver info: org.openqa.selenium.chrome.ChromeDriver\nCommand: [408b6d08017fad2bd396fce85ab84f10, findElement {using=xpath, value=///div[@class='menu-search col']//input[@placeholder='Search for products, brands and more']}]\nCapabilities {acceptInsecureCerts: false, browserName: chrome, browserVersion: 124.0.6367.63, chrome: {chromedriverVersion: 124.0.6367.91 (51df0e5e17a8..., userDataDir: C:\\Users\\SAJIM\\AppData\\Loca...}, fedcm:accounts: true, goog:chromeOptions: {debuggerAddress: localhost:53966}, javascriptEnabled: true, networkConnectionEnabled: false, pageLoadStrategy: normal, platform: WINDOWS, platformName: WINDOWS, proxy: Proxy(), se:cdp: ws://localhost:53966/devtoo..., se:cdpVersion: 124.0.6367.63, setWindowRect: true, strictFileInteractability: false, timeouts: {implicit: 0, pageLoad: 300000, script: 30000}, unhandledPromptBehavior: dismiss and notify, webauthn:extension:credBlob: true, webauthn:extension:largeBlob: true, webauthn:extension:minPinLength: true, webauthn:extension:prf: true, webauthn:virtualAuthenticators: true}\nSession ID: 408b6d08017fad2bd396fce85ab84f10\r\n\tat java.base/jdk.internal.reflect.NativeConstructorAccessorImpl.newInstance0(Native Method)\r\n\tat java.base/jdk.internal.reflect.NativeConstructorAccessorImpl.newInstance(NativeConstructorAccessorImpl.java:77)\r\n\tat java.base/jdk.internal.reflect.DelegatingConstructorAccessorImpl.newInstance(DelegatingConstructorAccessorImpl.java:45)\r\n\tat java.base/java.lang.reflect.Constructor.newInstanceWithCaller(Constructor.java:499)\r\n\tat java.base/java.lang.reflect.Constructor.newInstance(Constructor.java:480)\r\n\tat org.openqa.selenium.remote.codec.w3c.W3CHttpResponseCodec.createException(W3CHttpResponseCodec.java:200)\r\n\tat org.openqa.selenium.remote.codec.w3c.W3CHttpResponseCodec.decode(W3CHttpResponseCodec.java:133)\r\n\tat org.openqa.selenium.remote.codec.w3c.W3CHttpResponseCodec.decode(W3CHttpResponseCodec.java:53)\r\n\tat org.openqa.selenium.remote.HttpCommandExecutor.execute(HttpCommandExecutor.java:184)\r\n\tat org.openqa.selenium.remote.service.DriverCommandExecutor.invokeExecute(DriverCommandExecutor.java:167)\r\n\tat org.openqa.selenium.remote.service.DriverCommandExecutor.execute(DriverCommandExecutor.java:142)\r\n\tat org.openqa.selenium.remote.RemoteWebDriver.execute(RemoteWebDriver.java:567)\r\n\tat org.openqa.selenium.remote.ElementLocation$ElementFinder$2.findElement(ElementLocation.java:162)\r\n\tat org.openqa.selenium.remote.ElementLocation.findElement(ElementLocation.java:60)\r\n\tat org.openqa.selenium.remote.RemoteWebDriver.findElement(RemoteWebDriver.java:385)\r\n\tat org.openqa.selenium.remote.RemoteWebDriver.findElement(RemoteWebDriver.java:377)\r\n\tat HomePage.Homepage.get_search(Homepage.java:65)\r\n\tat StepDef.Logocheck.checkSearchIsAvailable(Logocheck.java:47)\r\n\tat ✽.Check Search is available in site(file:///C:/Users/SAJIM/Desktop/Web-Test-main_2/Web-Test-main/webTest-master/webTest-master/src/test/java/Feature/test.feature:29)\r\n"},"stage":"finished","steps":[{"name":"Given  Check Search is available in site","status":"broken","statusDetails":{"known":false,"muted":false,"flaky":false,"message":"javascript error: {\"status\":32,\"value\":\"Unable to locate an element with the xpath expression ///div[@class='menu-search col']//input[@placeholder='Search for products, brands and more'] because of the following error:\\nSyntaxError: Failed to execute 'evaluate' on 'Document': The string '///div[@class='menu-search col']//input[@placeholder='Search for products, brands and more']' is not a valid XPath expression.\"}\n  (Session info: chrome=124.0.6367.63)\nBuild info: version: '4.1.3', revision: '7b1ebf28ef'\nSystem info: host: 'SAJIM', ip: '192.168.1.109', os.name: 'Windows 10', os.arch: 'amd64', os.version: '10.0', java.version: '17.0.11'\nDriver info: org.openqa.selenium.chrome.ChromeDriver\nCommand: [408b6d08017fad2bd396fce85ab84f10, findElement {using=xpath, value=///div[@class='menu-search col']//input[@placeholder='Search for products, brands and more']}]\nCapabilities {acceptInsecureCerts: false, browserName: chrome, browserVersion: 124.0.6367.63, chrome: {chromedriverVersion: 124.0.6367.91 (51df0e5e17a8..., userDataDir: C:\\Users\\SAJIM\\AppData\\Loca...}, fedcm:accounts: true, goog:chromeOptions: {debuggerAddress: localhost:53966}, javascriptEnabled: true, networkConnectionEnabled: false, pageLoadStrategy: normal, platform: WINDOWS, platformName: WINDOWS, proxy: Proxy(), se:cdp: ws://localhost:53966/devtoo..., se:cdpVersion: 124.0.6367.63, setWindowRect: true, strictFileInteractability: false, timeouts: {implicit: 0, pageLoad: 300000, script: 30000}, unhandledPromptBehavior: dismiss and notify, webauthn:extension:credBlob: true, webauthn:extension:largeBlob: true, webauthn:extension:minPinLength: true, webauthn:extension:prf: true, webauthn:virtualAuthenticators: true}\nSession ID: 408b6d08017fad2bd396fce85ab84f10","trace":"org.openqa.selenium.JavascriptException: javascript error: {\"status\":32,\"value\":\"Unable to locate an element with the xpath expression ///div[@class='menu-search col']//input[@placeholder='Search for products, brands and more'] because of the following error:\\nSyntaxError: Failed to execute 'evaluate' on 'Document': The string '///div[@class='menu-search col']//input[@placeholder='Search for products, brands and more']' is not a valid XPath expression.\"}\n  (Session info: chrome=124.0.6367.63)\nBuild info: version: '4.1.3', revision: '7b1ebf28ef'\nSystem info: host: 'SAJIM', ip: '192.168.1.109', os.name: 'Windows 10', os.arch: 'amd64', os.version: '10.0', java.version: '17.0.11'\nDriver info: org.openqa.selenium.chrome.ChromeDriver\nCommand: [408b6d08017fad2bd396fce85ab84f10, findElement {using=xpath, value=///div[@class='menu-search col']//input[@placeholder='Search for products, brands and more']}]\nCapabilities {acceptInsecureCerts: false, browserName: chrome, browserVersion: 124.0.6367.63, chrome: {chromedriverVersion: 124.0.6367.91 (51df0e5e17a8..., userDataDir: C:\\Users\\SAJIM\\AppData\\Loca...}, fedcm:accounts: true, goog:chromeOptions: {debuggerAddress: localhost:53966}, javascriptEnabled: true, networkConnectionEnabled: false, pageLoadStrategy: normal, platform: WINDOWS, platformName: WINDOWS, proxy: Proxy(), se:cdp: ws://localhost:53966/devtoo..., se:cdpVersion: 124.0.6367.63, setWindowRect: true, strictFileInteractability: false, timeouts: {implicit: 0, pageLoad: 300000, script: 30000}, unhandledPromptBehavior: dismiss and notify, webauthn:extension:credBlob: true, webauthn:extension:largeBlob: true, webauthn:extension:minPinLength: true, webauthn:extension:prf: true, webauthn:virtualAuthenticators: true}\nSession ID: 408b6d08017fad2bd396fce85ab84f10\r\n\tat java.base/jdk.internal.reflect.NativeConstructorAccessorImpl.newInstance0(Native Method)\r\n\tat java.base/jdk.internal.reflect.NativeConstructorAccessorImpl.newInstance(NativeConstructorAccessorImpl.java:77)\r\n\tat java.base/jdk.internal.reflect.DelegatingConstructorAccessorImpl.newInstance(DelegatingConstructorAccessorImpl.java:45)\r\n\tat java.base/java.lang.reflect.Constructor.newInstanceWithCaller(Constructor.java:499)\r\n\tat java.base/java.lang.reflect.Constructor.newInstance(Constructor.java:480)\r\n\tat org.openqa.selenium.remote.codec.w3c.W3CHttpResponseCodec.createException(W3CHttpResponseCodec.java:200)\r\n\tat org.openqa.selenium.remote.codec.w3c.W3CHttpResponseCodec.decode(W3CHttpResponseCodec.java:133)\r\n\tat org.openqa.selenium.remote.codec.w3c.W3CHttpResponseCodec.decode(W3CHttpResponseCodec.java:53)\r\n\tat org.openqa.selenium.remote.HttpCommandExecutor.execute(HttpCommandExecutor.java:184)\r\n\tat org.openqa.selenium.remote.service.DriverCommandExecutor.invokeExecute(DriverCommandExecutor.java:167)\r\n\tat org.openqa.selenium.remote.service.DriverCommandExecutor.execute(DriverCommandExecutor.java:142)\r\n\tat org.openqa.selenium.remote.RemoteWebDriver.execute(RemoteWebDriver.java:567)\r\n\tat org.openqa.selenium.remote.ElementLocation$ElementFinder$2.findElement(ElementLocation.java:162)\r\n\tat org.openqa.selenium.remote.ElementLocation.findElement(ElementLocation.java:60)\r\n\tat org.openqa.selenium.remote.RemoteWebDriver.findElement(RemoteWebDriver.java:385)\r\n\tat org.openqa.selenium.remote.RemoteWebDriver.findElement(RemoteWebDriver.java:377)\r\n\tat HomePage.Homepage.get_search(Homepage.java:65)\r\n\tat StepDef.Logocheck.checkSearchIsAvailable(Logocheck.java:47)\r\n\tat ✽.Check Search is available in site(file:///C:/Users/SAJIM/Desktop/Web-Test-main_2/Web-Test-main/webTest-master/webTest-master/src/test/java/Feature/test.feature:29)\r\n"},"stage":"finished","steps":[],"attachments":[],"parameters":[],"start":1714632518676,"stop":1714632520762},{"name":"When  Click on Search button","status":"skipped","statusDetails":{"known":false,"muted":false,"flaky":false},"stage":"finished","steps":[],"attachments":[],"parameters":[],"start":1714632520765,"stop":1714632520765},{"name":"Then  Enter Search Value on this field","status":"skipped","statusDetails":{"known":false,"muted":false,"flaky":false},"stage":"finished","steps":[],"attachments":[],"parameters":[],"start":1714632520765,"stop":1714632520765}],"attachments":[],"parameters":[],"start":1714632481287,"stop":1714632521621}