{"uuid":"e5d7c7b0-3d32-4beb-ac16-e013780f5979","historyId":"54eef49add15358790164bc756fa9c7a","fullName":"Verify Tumblr works properly: Verify Availability and Display of Categories","labels":[{"name":"tag","value":"Release"},{"name":"host","value":"sajim"},{"name":"thread","value":"2568@sajim.TestNG-PoolService-0(17)"},{"name":"feature","value":"Verify Tumblr works properly"},{"name":"story","value":"Verify Availability and Display of Categories"},{"name":"suite","value":"Verify Tumblr works properly"},{"name":"testClass","value":"Verify Availability and Display of Categories"},{"name":"framework","value":"cucumber4jvm"},{"name":"language","value":"java"},{"name":"gherkin_uri","value":"file:///C:/Users/SAJIM/Desktop/Web-Test-main_2/Web-Test-main/webTest-master/webTest-master/src/test/java/Feature/test.feature"},{"name":"package","value":"src.test.java.Feature.test_feature.Verify Tumblr works properly"}],"links":[],"name":"Verify Availability and Display of Categories","status":"broken","statusDetails":{"known":false,"muted":false,"flaky":false,"message":"element click intercepted: Element <a class=\"a-tag\" href=\"/category/smartphone/\">...</a> is not clickable at point (225, 119). Other element would receive the click: <div class=\"shadows\"></div>\n  (Session info: chrome=124.0.6367.63)\nBuild info: version: '4.1.3', revision: '7b1ebf28ef'\nSystem info: host: 'SAJIM', ip: '192.168.1.109', os.name: 'Windows 10', os.arch: 'amd64', os.version: '10.0', java.version: '17.0.11'\nDriver info: org.openqa.selenium.chrome.ChromeDriver\nCommand: [0ebe6a732a7d8317a832f45cf690f86b, clickElement {id=f.A30F90CADA431885BA14D667EFB67D40.d.B935F0E21E09998BBD1C272D18779C5E.e.75}]\nCapabilities {acceptInsecureCerts: false, browserName: chrome, browserVersion: 124.0.6367.63, chrome: {chromedriverVersion: 124.0.6367.91 (51df0e5e17a8..., userDataDir: C:\\Users\\SAJIM\\AppData\\Loca...}, fedcm:accounts: true, goog:chromeOptions: {debuggerAddress: localhost:53347}, javascriptEnabled: true, networkConnectionEnabled: false, pageLoadStrategy: normal, platform: WINDOWS, platformName: WINDOWS, proxy: Proxy(), se:cdp: ws://localhost:53347/devtoo..., se:cdpVersion: 124.0.6367.63, setWindowRect: true, strictFileInteractability: false, timeouts: {implicit: 0, pageLoad: 300000, script: 30000}, unhandledPromptBehavior: dismiss and notify, webauthn:extension:credBlob: true, webauthn:extension:largeBlob: true, webauthn:extension:minPinLength: true, webauthn:extension:prf: true, webauthn:virtualAuthenticators: true}\nElement: [[ChromeDriver: chrome on WINDOWS (0ebe6a732a7d8317a832f45cf690f86b)] -> xpath: //div[@class='home-banner__menu']//a[@class='a-tag'][normalize-space()='Smartphones']]\nSession ID: 0ebe6a732a7d8317a832f45cf690f86b","trace":"org.openqa.selenium.ElementClickInterceptedException: element click intercepted: Element <a class=\"a-tag\" href=\"/category/smartphone/\">...</a> is not clickable at point (225, 119). Other element would receive the click: <div class=\"shadows\"></div>\n  (Session info: chrome=124.0.6367.63)\nBuild info: version: '4.1.3', revision: '7b1ebf28ef'\nSystem info: host: 'SAJIM', ip: '192.168.1.109', os.name: 'Windows 10', os.arch: 'amd64', os.version: '10.0', java.version: '17.0.11'\nDriver info: org.openqa.selenium.chrome.ChromeDriver\nCommand: [0ebe6a732a7d8317a832f45cf690f86b, clickElement {id=f.A30F90CADA431885BA14D667EFB67D40.d.B935F0E21E09998BBD1C272D18779C5E.e.75}]\nCapabilities {acceptInsecureCerts: false, browserName: chrome, browserVersion: 124.0.6367.63, chrome: {chromedriverVersion: 124.0.6367.91 (51df0e5e17a8..., userDataDir: C:\\Users\\SAJIM\\AppData\\Loca...}, fedcm:accounts: true, goog:chromeOptions: {debuggerAddress: localhost:53347}, javascriptEnabled: true, networkConnectionEnabled: false, pageLoadStrategy: normal, platform: WINDOWS, platformName: WINDOWS, proxy: Proxy(), se:cdp: ws://localhost:53347/devtoo..., se:cdpVersion: 124.0.6367.63, setWindowRect: true, strictFileInteractability: false, timeouts: {implicit: 0, pageLoad: 300000, script: 30000}, unhandledPromptBehavior: dismiss and notify, webauthn:extension:credBlob: true, webauthn:extension:largeBlob: true, webauthn:extension:minPinLength: true, webauthn:extension:prf: true, webauthn:virtualAuthenticators: true}\nElement: [[ChromeDriver: chrome on WINDOWS (0ebe6a732a7d8317a832f45cf690f86b)] -> xpath: //div[@class='home-banner__menu']//a[@class='a-tag'][normalize-space()='Smartphones']]\nSession ID: 0ebe6a732a7d8317a832f45cf690f86b\r\n\tat java.base/jdk.internal.reflect.NativeConstructorAccessorImpl.newInstance0(Native Method)\r\n\tat java.base/jdk.internal.reflect.NativeConstructorAccessorImpl.newInstance(NativeConstructorAccessorImpl.java:77)\r\n\tat java.base/jdk.internal.reflect.DelegatingConstructorAccessorImpl.newInstance(DelegatingConstructorAccessorImpl.java:45)\r\n\tat java.base/java.lang.reflect.Constructor.newInstanceWithCaller(Constructor.java:499)\r\n\tat java.base/java.lang.reflect.Constructor.newInstance(Constructor.java:480)\r\n\tat org.openqa.selenium.remote.codec.w3c.W3CHttpResponseCodec.createException(W3CHttpResponseCodec.java:200)\r\n\tat org.openqa.selenium.remote.codec.w3c.W3CHttpResponseCodec.decode(W3CHttpResponseCodec.java:133)\r\n\tat org.openqa.selenium.remote.codec.w3c.W3CHttpResponseCodec.decode(W3CHttpResponseCodec.java:53)\r\n\tat org.openqa.selenium.remote.HttpCommandExecutor.execute(HttpCommandExecutor.java:184)\r\n\tat org.openqa.selenium.remote.service.DriverCommandExecutor.invokeExecute(DriverCommandExecutor.java:167)\r\n\tat org.openqa.selenium.remote.service.DriverCommandExecutor.execute(DriverCommandExecutor.java:142)\r\n\tat org.openqa.selenium.remote.RemoteWebDriver.execute(RemoteWebDriver.java:567)\r\n\tat org.openqa.selenium.remote.RemoteWebElement.execute(RemoteWebElement.java:251)\r\n\tat org.openqa.selenium.remote.RemoteWebElement.click(RemoteWebElement.java:77)\r\n\tat StepDef.Logocheck.clickOntLoginButton(Logocheck.java:34)\r\n\tat ✽.Click on the Categories button(file:///C:/Users/SAJIM/Desktop/Web-Test-main_2/Web-Test-main/webTest-master/webTest-master/src/test/java/Feature/test.feature:18)\r\n"},"stage":"finished","steps":[{"name":"Given  Check the Categories button","status":"passed","statusDetails":{"known":false,"muted":false,"flaky":false},"stage":"finished","steps":[],"attachments":[],"parameters":[],"start":1714631972871,"stop":1714631974555},{"name":"When  Click on the Categories button","status":"broken","statusDetails":{"known":false,"muted":false,"flaky":false,"message":"element click intercepted: Element <a class=\"a-tag\" href=\"/category/smartphone/\">...</a> is not clickable at point (225, 119). Other element would receive the click: <div class=\"shadows\"></div>\n  (Session info: chrome=124.0.6367.63)\nBuild info: version: '4.1.3', revision: '7b1ebf28ef'\nSystem info: host: 'SAJIM', ip: '192.168.1.109', os.name: 'Windows 10', os.arch: 'amd64', os.version: '10.0', java.version: '17.0.11'\nDriver info: org.openqa.selenium.chrome.ChromeDriver\nCommand: [0ebe6a732a7d8317a832f45cf690f86b, clickElement {id=f.A30F90CADA431885BA14D667EFB67D40.d.B935F0E21E09998BBD1C272D18779C5E.e.75}]\nCapabilities {acceptInsecureCerts: false, browserName: chrome, browserVersion: 124.0.6367.63, chrome: {chromedriverVersion: 124.0.6367.91 (51df0e5e17a8..., userDataDir: C:\\Users\\SAJIM\\AppData\\Loca...}, fedcm:accounts: true, goog:chromeOptions: {debuggerAddress: localhost:53347}, javascriptEnabled: true, networkConnectionEnabled: false, pageLoadStrategy: normal, platform: WINDOWS, platformName: WINDOWS, proxy: Proxy(), se:cdp: ws://localhost:53347/devtoo..., se:cdpVersion: 124.0.6367.63, setWindowRect: true, strictFileInteractability: false, timeouts: {implicit: 0, pageLoad: 300000, script: 30000}, unhandledPromptBehavior: dismiss and notify, webauthn:extension:credBlob: true, webauthn:extension:largeBlob: true, webauthn:extension:minPinLength: true, webauthn:extension:prf: true, webauthn:virtualAuthenticators: true}\nElement: [[ChromeDriver: chrome on WINDOWS (0ebe6a732a7d8317a832f45cf690f86b)] -> xpath: //div[@class='home-banner__menu']//a[@class='a-tag'][normalize-space()='Smartphones']]\nSession ID: 0ebe6a732a7d8317a832f45cf690f86b","trace":"org.openqa.selenium.ElementClickInterceptedException: element click intercepted: Element <a class=\"a-tag\" href=\"/category/smartphone/\">...</a> is not clickable at point (225, 119). Other element would receive the click: <div class=\"shadows\"></div>\n  (Session info: chrome=124.0.6367.63)\nBuild info: version: '4.1.3', revision: '7b1ebf28ef'\nSystem info: host: 'SAJIM', ip: '192.168.1.109', os.name: 'Windows 10', os.arch: 'amd64', os.version: '10.0', java.version: '17.0.11'\nDriver info: org.openqa.selenium.chrome.ChromeDriver\nCommand: [0ebe6a732a7d8317a832f45cf690f86b, clickElement {id=f.A30F90CADA431885BA14D667EFB67D40.d.B935F0E21E09998BBD1C272D18779C5E.e.75}]\nCapabilities {acceptInsecureCerts: false, browserName: chrome, browserVersion: 124.0.6367.63, chrome: {chromedriverVersion: 124.0.6367.91 (51df0e5e17a8..., userDataDir: C:\\Users\\SAJIM\\AppData\\Loca...}, fedcm:accounts: true, goog:chromeOptions: {debuggerAddress: localhost:53347}, javascriptEnabled: true, networkConnectionEnabled: false, pageLoadStrategy: normal, platform: WINDOWS, platformName: WINDOWS, proxy: Proxy(), se:cdp: ws://localhost:53347/devtoo..., se:cdpVersion: 124.0.6367.63, setWindowRect: true, strictFileInteractability: false, timeouts: {implicit: 0, pageLoad: 300000, script: 30000}, unhandledPromptBehavior: dismiss and notify, webauthn:extension:credBlob: true, webauthn:extension:largeBlob: true, webauthn:extension:minPinLength: true, webauthn:extension:prf: true, webauthn:virtualAuthenticators: true}\nElement: [[ChromeDriver: chrome on WINDOWS (0ebe6a732a7d8317a832f45cf690f86b)] -> xpath: //div[@class='home-banner__menu']//a[@class='a-tag'][normalize-space()='Smartphones']]\nSession ID: 0ebe6a732a7d8317a832f45cf690f86b\r\n\tat java.base/jdk.internal.reflect.NativeConstructorAccessorImpl.newInstance0(Native Method)\r\n\tat java.base/jdk.internal.reflect.NativeConstructorAccessorImpl.newInstance(NativeConstructorAccessorImpl.java:77)\r\n\tat java.base/jdk.internal.reflect.DelegatingConstructorAccessorImpl.newInstance(DelegatingConstructorAccessorImpl.java:45)\r\n\tat java.base/java.lang.reflect.Constructor.newInstanceWithCaller(Constructor.java:499)\r\n\tat java.base/java.lang.reflect.Constructor.newInstance(Constructor.java:480)\r\n\tat org.openqa.selenium.remote.codec.w3c.W3CHttpResponseCodec.createException(W3CHttpResponseCodec.java:200)\r\n\tat org.openqa.selenium.remote.codec.w3c.W3CHttpResponseCodec.decode(W3CHttpResponseCodec.java:133)\r\n\tat org.openqa.selenium.remote.codec.w3c.W3CHttpResponseCodec.decode(W3CHttpResponseCodec.java:53)\r\n\tat org.openqa.selenium.remote.HttpCommandExecutor.execute(HttpCommandExecutor.java:184)\r\n\tat org.openqa.selenium.remote.service.DriverCommandExecutor.invokeExecute(DriverCommandExecutor.java:167)\r\n\tat org.openqa.selenium.remote.service.DriverCommandExecutor.execute(DriverCommandExecutor.java:142)\r\n\tat org.openqa.selenium.remote.RemoteWebDriver.execute(RemoteWebDriver.java:567)\r\n\tat org.openqa.selenium.remote.RemoteWebElement.execute(RemoteWebElement.java:251)\r\n\tat org.openqa.selenium.remote.RemoteWebElement.click(RemoteWebElement.java:77)\r\n\tat StepDef.Logocheck.clickOntLoginButton(Logocheck.java:34)\r\n\tat ✽.Click on the Categories button(file:///C:/Users/SAJIM/Desktop/Web-Test-main_2/Web-Test-main/webTest-master/webTest-master/src/test/java/Feature/test.feature:18)\r\n"},"stage":"finished","steps":[],"attachments":[],"parameters":[],"start":1714631974555,"stop":1714631976020},{"name":"Then  Check the Categories is available in Display","status":"skipped","statusDetails":{"known":false,"muted":false,"flaky":false},"stage":"finished","steps":[],"attachments":[],"parameters":[],"start":1714631976020,"stop":1714631976035}],"attachments":[],"parameters":[],"start":1714631949370,"stop":1714631977025}